yarn run v1.22.22
$ NODE_OPTIONS='--inspect' next dev
Debugger listening on ws://127.0.0.1:9229/fe318ab1-5370-4514-8911-bd5166786691
For help, see: https://nodejs.org/en/docs/inspector
Debugger listening on ws://127.0.0.1:9230/a573a559-d4b1-4b61-b788-593be1d16c38
For help, see: https://nodejs.org/en/docs/inspector
   the --inspect option was detected, the Next.js router server should be inspected at 9230.
  ▲ Next.js 15.0.0
  - Local:        http://localhost:3000

 ✓ Starting...
 ✓ Ready in 2.8s
 ○ Compiling / ...
 ⚠ ./components/modal/modal/Modal.module.scss.webpack[javascript/auto]!=!./node_modules/next/dist/build/webpack/loaders/css-loader/src/index.js??ruleSet[1].rules[13].oneOf[7].use[2]!./node_modules/next/dist/build/webpack/loaders/postcss-loader/src/index.js??ruleSet[1].rules[13].oneOf[7].use[3]!./node_modules/next/dist/build/webpack/loaders/resolve-url-loader/index.js??ruleSet[1].rules[13].oneOf[7].use[4]!./node_modules/next/dist/compiled/sass-loader/cjs.js??ruleSet[1].rules[13].oneOf[7].use[5]!./components/modal/modal/Modal.module.scss
Deprecation The legacy JS API is deprecated and will be removed in Dart Sass 2.0.0.

More info: https://sass-lang.com/d/legacy-js-api

Import trace for requested module:
./components/modal/modal/Modal.module.scss.webpack[javascript/auto]!=!./node_modules/next/dist/build/webpack/loaders/css-loader/src/index.js??ruleSet[1].rules[13].oneOf[7].use[2]!./node_modules/next/dist/build/webpack/loaders/postcss-loader/src/index.js??ruleSet[1].rules[13].oneOf[7].use[3]!./node_modules/next/dist/build/webpack/loaders/resolve-url-loader/index.js??ruleSet[1].rules[13].oneOf[7].use[4]!./node_modules/next/dist/compiled/sass-loader/cjs.js??ruleSet[1].rules[13].oneOf[7].use[5]!./components/modal/modal/Modal.module.scss
./components/modal/modal/Modal.module.scss
./components/modal/modal/Modal.tsx
./app/page.tsx

./styles/Home.module.scss.webpack[javascript/auto]!=!./node_modules/next/dist/build/webpack/loaders/css-loader/src/index.js??ruleSet[1].rules[13].oneOf[7].use[2]!./node_modules/next/dist/build/webpack/loaders/postcss-loader/src/index.js??ruleSet[1].rules[13].oneOf[7].use[3]!./node_modules/next/dist/build/webpack/loaders/resolve-url-loader/index.js??ruleSet[1].rules[13].oneOf[7].use[4]!./node_modules/next/dist/compiled/sass-loader/cjs.js??ruleSet[1].rules[13].oneOf[7].use[5]!./styles/Home.module.scss
Deprecation The legacy JS API is deprecated and will be removed in Dart Sass 2.0.0.

More info: https://sass-lang.com/d/legacy-js-api

Import trace for requested module:
./styles/Home.module.scss.webpack[javascript/auto]!=!./node_modules/next/dist/build/webpack/loaders/css-loader/src/index.js??ruleSet[1].rules[13].oneOf[7].use[2]!./node_modules/next/dist/build/webpack/loaders/postcss-loader/src/index.js??ruleSet[1].rules[13].oneOf[7].use[3]!./node_modules/next/dist/build/webpack/loaders/resolve-url-loader/index.js??ruleSet[1].rules[13].oneOf[7].use[4]!./node_modules/next/dist/compiled/sass-loader/cjs.js??ruleSet[1].rules[13].oneOf[7].use[5]!./styles/Home.module.scss
./styles/Home.module.scss
./app/page.tsx

./components/modal/modal/Modal.module.scss
Deprecation The legacy JS API is deprecated and will be removed in Dart Sass 2.0.0.

More info: https://sass-lang.com/d/legacy-js-api

Import trace for requested module:
./components/modal/modal/Modal.module.scss
./components/modal/modal/Modal.tsx
./app/page.tsx

./styles/Home.module.scss
Deprecation The legacy JS API is deprecated and will be removed in Dart Sass 2.0.0.

More info: https://sass-lang.com/d/legacy-js-api

Import trace for requested module:
./styles/Home.module.scss
./app/page.tsx
 GET / 200 in 23367ms
 ⚠ ./components/modal/modal/Modal.module.scss.webpack[javascript/auto]!=!./node_modules/next/dist/build/webpack/loaders/css-loader/src/index.js??ruleSet[1].rules[13].oneOf[7].use[2]!./node_modules/next/dist/build/webpack/loaders/postcss-loader/src/index.js??ruleSet[1].rules[13].oneOf[7].use[3]!./node_modules/next/dist/build/webpack/loaders/resolve-url-loader/index.js??ruleSet[1].rules[13].oneOf[7].use[4]!./node_modules/next/dist/compiled/sass-loader/cjs.js??ruleSet[1].rules[13].oneOf[7].use[5]!./components/modal/modal/Modal.module.scss
Deprecation The legacy JS API is deprecated and will be removed in Dart Sass 2.0.0.

More info: https://sass-lang.com/d/legacy-js-api

Import trace for requested module:
./components/modal/modal/Modal.module.scss.webpack[javascript/auto]!=!./node_modules/next/dist/build/webpack/loaders/css-loader/src/index.js??ruleSet[1].rules[13].oneOf[7].use[2]!./node_modules/next/dist/build/webpack/loaders/postcss-loader/src/index.js??ruleSet[1].rules[13].oneOf[7].use[3]!./node_modules/next/dist/build/webpack/loaders/resolve-url-loader/index.js??ruleSet[1].rules[13].oneOf[7].use[4]!./node_modules/next/dist/compiled/sass-loader/cjs.js??ruleSet[1].rules[13].oneOf[7].use[5]!./components/modal/modal/Modal.module.scss
./components/modal/modal/Modal.module.scss
./components/modal/modal/Modal.tsx
./app/page.tsx

./styles/Home.module.scss.webpack[javascript/auto]!=!./node_modules/next/dist/build/webpack/loaders/css-loader/src/index.js??ruleSet[1].rules[13].oneOf[7].use[2]!./node_modules/next/dist/build/webpack/loaders/postcss-loader/src/index.js??ruleSet[1].rules[13].oneOf[7].use[3]!./node_modules/next/dist/build/webpack/loaders/resolve-url-loader/index.js??ruleSet[1].rules[13].oneOf[7].use[4]!./node_modules/next/dist/compiled/sass-loader/cjs.js??ruleSet[1].rules[13].oneOf[7].use[5]!./styles/Home.module.scss
Deprecation The legacy JS API is deprecated and will be removed in Dart Sass 2.0.0.

More info: https://sass-lang.com/d/legacy-js-api

Import trace for requested module:
./styles/Home.module.scss.webpack[javascript/auto]!=!./node_modules/next/dist/build/webpack/loaders/css-loader/src/index.js??ruleSet[1].rules[13].oneOf[7].use[2]!./node_modules/next/dist/build/webpack/loaders/postcss-loader/src/index.js??ruleSet[1].rules[13].oneOf[7].use[3]!./node_modules/next/dist/build/webpack/loaders/resolve-url-loader/index.js??ruleSet[1].rules[13].oneOf[7].use[4]!./node_modules/next/dist/compiled/sass-loader/cjs.js??ruleSet[1].rules[13].oneOf[7].use[5]!./styles/Home.module.scss
./styles/Home.module.scss
./app/page.tsx

./components/modal/modal/Modal.module.scss
Deprecation The legacy JS API is deprecated and will be removed in Dart Sass 2.0.0.

More info: https://sass-lang.com/d/legacy-js-api

Import trace for requested module:
./components/modal/modal/Modal.module.scss
./components/modal/modal/Modal.tsx
./app/page.tsx

./styles/Home.module.scss
Deprecation The legacy JS API is deprecated and will be removed in Dart Sass 2.0.0.

More info: https://sass-lang.com/d/legacy-js-api

Import trace for requested module:
./styles/Home.module.scss
./app/page.tsx
 ⚠ ./components/modal/modal/Modal.module.scss.webpack[javascript/auto]!=!./node_modules/next/dist/build/webpack/loaders/css-loader/src/index.js??ruleSet[1].rules[13].oneOf[7].use[2]!./node_modules/next/dist/build/webpack/loaders/postcss-loader/src/index.js??ruleSet[1].rules[13].oneOf[7].use[3]!./node_modules/next/dist/build/webpack/loaders/resolve-url-loader/index.js??ruleSet[1].rules[13].oneOf[7].use[4]!./node_modules/next/dist/compiled/sass-loader/cjs.js??ruleSet[1].rules[13].oneOf[7].use[5]!./components/modal/modal/Modal.module.scss
Deprecation The legacy JS API is deprecated and will be removed in Dart Sass 2.0.0.

More info: https://sass-lang.com/d/legacy-js-api

Import trace for requested module:
./components/modal/modal/Modal.module.scss.webpack[javascript/auto]!=!./node_modules/next/dist/build/webpack/loaders/css-loader/src/index.js??ruleSet[1].rules[13].oneOf[7].use[2]!./node_modules/next/dist/build/webpack/loaders/postcss-loader/src/index.js??ruleSet[1].rules[13].oneOf[7].use[3]!./node_modules/next/dist/build/webpack/loaders/resolve-url-loader/index.js??ruleSet[1].rules[13].oneOf[7].use[4]!./node_modules/next/dist/compiled/sass-loader/cjs.js??ruleSet[1].rules[13].oneOf[7].use[5]!./components/modal/modal/Modal.module.scss
./components/modal/modal/Modal.module.scss
./components/modal/modal/Modal.tsx
./app/page.tsx

./styles/Home.module.scss.webpack[javascript/auto]!=!./node_modules/next/dist/build/webpack/loaders/css-loader/src/index.js??ruleSet[1].rules[13].oneOf[7].use[2]!./node_modules/next/dist/build/webpack/loaders/postcss-loader/src/index.js??ruleSet[1].rules[13].oneOf[7].use[3]!./node_modules/next/dist/build/webpack/loaders/resolve-url-loader/index.js??ruleSet[1].rules[13].oneOf[7].use[4]!./node_modules/next/dist/compiled/sass-loader/cjs.js??ruleSet[1].rules[13].oneOf[7].use[5]!./styles/Home.module.scss
Deprecation The legacy JS API is deprecated and will be removed in Dart Sass 2.0.0.

More info: https://sass-lang.com/d/legacy-js-api

Import trace for requested module:
./styles/Home.module.scss.webpack[javascript/auto]!=!./node_modules/next/dist/build/webpack/loaders/css-loader/src/index.js??ruleSet[1].rules[13].oneOf[7].use[2]!./node_modules/next/dist/build/webpack/loaders/postcss-loader/src/index.js??ruleSet[1].rules[13].oneOf[7].use[3]!./node_modules/next/dist/build/webpack/loaders/resolve-url-loader/index.js??ruleSet[1].rules[13].oneOf[7].use[4]!./node_modules/next/dist/compiled/sass-loader/cjs.js??ruleSet[1].rules[13].oneOf[7].use[5]!./styles/Home.module.scss
./styles/Home.module.scss
./app/page.tsx

./components/modal/modal/Modal.module.scss
Deprecation The legacy JS API is deprecated and will be removed in Dart Sass 2.0.0.

More info: https://sass-lang.com/d/legacy-js-api

Import trace for requested module:
./components/modal/modal/Modal.module.scss
./components/modal/modal/Modal.tsx
./app/page.tsx

./styles/Home.module.scss
Deprecation The legacy JS API is deprecated and will be removed in Dart Sass 2.0.0.

More info: https://sass-lang.com/d/legacy-js-api

Import trace for requested module:
./styles/Home.module.scss
./app/page.tsx
 GET /favicon.ico 200 in 3361ms
 GET / 200 in 436ms
 ⚠ ./components/modal/modal/Modal.module.scss.webpack[javascript/auto]!=!./node_modules/next/dist/build/webpack/loaders/css-loader/src/index.js??ruleSet[1].rules[13].oneOf[7].use[2]!./node_modules/next/dist/build/webpack/loaders/postcss-loader/src/index.js??ruleSet[1].rules[13].oneOf[7].use[3]!./node_modules/next/dist/build/webpack/loaders/resolve-url-loader/index.js??ruleSet[1].rules[13].oneOf[7].use[4]!./node_modules/next/dist/compiled/sass-loader/cjs.js??ruleSet[1].rules[13].oneOf[7].use[5]!./components/modal/modal/Modal.module.scss
Deprecation The legacy JS API is deprecated and will be removed in Dart Sass 2.0.0.

More info: https://sass-lang.com/d/legacy-js-api

Import trace for requested module:
./components/modal/modal/Modal.module.scss.webpack[javascript/auto]!=!./node_modules/next/dist/build/webpack/loaders/css-loader/src/index.js??ruleSet[1].rules[13].oneOf[7].use[2]!./node_modules/next/dist/build/webpack/loaders/postcss-loader/src/index.js??ruleSet[1].rules[13].oneOf[7].use[3]!./node_modules/next/dist/build/webpack/loaders/resolve-url-loader/index.js??ruleSet[1].rules[13].oneOf[7].use[4]!./node_modules/next/dist/compiled/sass-loader/cjs.js??ruleSet[1].rules[13].oneOf[7].use[5]!./components/modal/modal/Modal.module.scss
./components/modal/modal/Modal.module.scss
./components/modal/modal/Modal.tsx
./app/page.tsx

./styles/Home.module.scss.webpack[javascript/auto]!=!./node_modules/next/dist/build/webpack/loaders/css-loader/src/index.js??ruleSet[1].rules[13].oneOf[7].use[2]!./node_modules/next/dist/build/webpack/loaders/postcss-loader/src/index.js??ruleSet[1].rules[13].oneOf[7].use[3]!./node_modules/next/dist/build/webpack/loaders/resolve-url-loader/index.js??ruleSet[1].rules[13].oneOf[7].use[4]!./node_modules/next/dist/compiled/sass-loader/cjs.js??ruleSet[1].rules[13].oneOf[7].use[5]!./styles/Home.module.scss
Deprecation The legacy JS API is deprecated and will be removed in Dart Sass 2.0.0.

More info: https://sass-lang.com/d/legacy-js-api

Import trace for requested module:
./styles/Home.module.scss.webpack[javascript/auto]!=!./node_modules/next/dist/build/webpack/loaders/css-loader/src/index.js??ruleSet[1].rules[13].oneOf[7].use[2]!./node_modules/next/dist/build/webpack/loaders/postcss-loader/src/index.js??ruleSet[1].rules[13].oneOf[7].use[3]!./node_modules/next/dist/build/webpack/loaders/resolve-url-loader/index.js??ruleSet[1].rules[13].oneOf[7].use[4]!./node_modules/next/dist/compiled/sass-loader/cjs.js??ruleSet[1].rules[13].oneOf[7].use[5]!./styles/Home.module.scss
./styles/Home.module.scss
./app/page.tsx

./components/modal/modal/Modal.module.scss
Deprecation The legacy JS API is deprecated and will be removed in Dart Sass 2.0.0.

More info: https://sass-lang.com/d/legacy-js-api

Import trace for requested module:
./components/modal/modal/Modal.module.scss
./components/modal/modal/Modal.tsx
./app/page.tsx

./styles/Home.module.scss
Deprecation The legacy JS API is deprecated and will be removed in Dart Sass 2.0.0.

More info: https://sass-lang.com/d/legacy-js-api

Import trace for requested module:
./styles/Home.module.scss
./app/page.tsx
 GET /favicon.ico 200 in 124ms
 ⚠ ./components/modal/modal/Modal.module.scss
Deprecation The legacy JS API is deprecated and will be removed in Dart Sass 2.0.0.

More info: https://sass-lang.com/d/legacy-js-api

Import trace for requested module:
./components/modal/modal/Modal.module.scss
./components/modal/modal/Modal.tsx
./app/page.tsx

./styles/Home.module.scss
Deprecation The legacy JS API is deprecated and will be removed in Dart Sass 2.0.0.

More info: https://sass-lang.com/d/legacy-js-api

Import trace for requested module:
./styles/Home.module.scss
./app/page.tsx
 GET /_next/webpack-hmr 404 in 1654ms
 GET / 200 in 264ms
yarn run v1.22.22
$ NODE_OPTIONS='--inspect' next dev
Debugger listening on ws://127.0.0.1:9229/80123721-45d8-4abe-814b-676279ebf0b4
For help, see: https://nodejs.org/en/docs/inspector
Debugger listening on ws://127.0.0.1:9230/7acf152e-1878-4a9c-b6c2-31e1ce8bff2a
For help, see: https://nodejs.org/en/docs/inspector
   the --inspect option was detected, the Next.js router server should be inspected at 9230.
  ▲ Next.js 15.0.0
  - Local:        http://localhost:3000

 ✓ Starting...
 ✓ Ready in 2.5s
 ○ Compiling / ...
 ⚠ ./components/modal/modal/Modal.module.scss
Deprecation The legacy JS API is deprecated and will be removed in Dart Sass 2.0.0.

More info: https://sass-lang.com/d/legacy-js-api

Import trace for requested module:
./components/modal/modal/Modal.module.scss
./components/modal/modal/Modal.tsx
./app/page.tsx

./styles/Home.module.scss
Deprecation The legacy JS API is deprecated and will be removed in Dart Sass 2.0.0.

More info: https://sass-lang.com/d/legacy-js-api

Import trace for requested module:
./styles/Home.module.scss
./app/page.tsx
 GET / 200 in 7103ms
 ⚠ ./components/modal/modal/Modal.module.scss
Deprecation The legacy JS API is deprecated and will be removed in Dart Sass 2.0.0.

More info: https://sass-lang.com/d/legacy-js-api

Import trace for requested module:
./components/modal/modal/Modal.module.scss
./components/modal/modal/Modal.tsx
./app/page.tsx

./styles/Home.module.scss
Deprecation The legacy JS API is deprecated and will be removed in Dart Sass 2.0.0.

More info: https://sass-lang.com/d/legacy-js-api

Import trace for requested module:
./styles/Home.module.scss
./app/page.tsx
 ⚠ ./components/modal/modal/Modal.module.scss
Deprecation The legacy JS API is deprecated and will be removed in Dart Sass 2.0.0.

More info: https://sass-lang.com/d/legacy-js-api

Import trace for requested module:
./components/modal/modal/Modal.module.scss
./components/modal/modal/Modal.tsx
./app/page.tsx

./styles/Home.module.scss
Deprecation The legacy JS API is deprecated and will be removed in Dart Sass 2.0.0.

More info: https://sass-lang.com/d/legacy-js-api

Import trace for requested module:
./styles/Home.module.scss
./app/page.tsx
 GET /favicon.ico 200 in 2389ms
 GET /_next/webpack-hmr 404 in 2390ms
 GET / 200 in 342ms
 GET /favicon.ico 200 in 22ms
 GET /_next/webpack-hmr 404 in 33ms
 GET / 200 in 24ms
 GET /favicon.ico 200 in 11ms
 GET /_next/webpack-hmr 404 in 25ms
 GET / 200 in 21ms
 GET /favicon.ico 200 in 9ms
 GET /_next/webpack-hmr 404 in 19ms
 GET / 200 in 21ms
 GET /favicon.ico 200 in 10ms
 GET /_next/webpack-hmr 404 in 34ms
 GET / 200 in 38ms
 GET /favicon.ico 200 in 19ms
 GET /_next/webpack-hmr 404 in 35ms
 GET / 200 in 30ms
 GET /favicon.ico 200 in 16ms
 GET /_next/webpack-hmr 404 in 32ms
